# JRE version: OpenJDK Runtime Environment (11.0.7+10) (build 11.0.7+10-LTS)
# Java VM: OpenJDK 64-Bit Server VM (11.0.7+10-LTS, mixed mode, tiered, compressed oops, parallel gc, windows-amd64)
Heap:
 PSYoungGen      total 22016K, used 4623K [0x00000000eab00000, 0x00000000ec480000, 0x0000000100000000)
  eden space 19968K, 13% used [0x00000000eab00000,0x00000000eada29b0,0x00000000ebe80000)
  from space 2048K, 93% used [0x00000000ebe80000,0x00000000ec061398,0x00000000ec080000)
  to   space 3072K, 0% used [0x00000000ec180000,0x00000000ec180000,0x00000000ec480000)
 ParOldGen       total 68608K, used 32684K [0x00000000c0000000, 0x00000000c4300000, 0x00000000eab00000)
  object space 68608K, 47% used [0x00000000c0000000,0x00000000c1feb360,0x00000000c4300000)
 Metaspace       used 47320K, capacity 49621K, committed 49792K, reserved 1093632K
  class space    used 4820K, capacity 5707K, committed 5760K, reserved 1048576K
GC Heap History (20 events):
Event: 3.058 GC heap before
{Heap before GC invocations=7 (full 1):
 PSYoungGen      total 29184K, used 21136K [0x00000000eab00000, 0x00000000ece80000, 0x0000000100000000)
  eden space 25088K, 67% used [0x00000000eab00000,0x00000000ebba8df0,0x00000000ec380000)
  from space 4096K, 99% used [0x00000000ec400000,0x00000000ec7fb5d0,0x00000000ec800000)
  to   space 5632K, 0% used [0x00000000ec900000,0x00000000ec900000,0x00000000ece80000)
 ParOldGen       total 68608K, used 8139K [0x00000000c0000000, 0x00000000c4300000, 0x00000000eab00000)
  object space 68608K, 11% used [0x00000000c0000000,0x00000000c07f2f48,0x00000000c4300000)
 Metaspace       used 33567K, capacity 35233K, committed 35328K, reserved 1081344K
  class space    used 3414K, capacity 4035K, committed 4096K, reserved 1048576K
}
Event: 3.067 GC heap after
{Heap after GC invocations=7 (full 1):
 PSYoungGen      total 28160K, used 5620K [0x00000000eab00000, 0x00000000ed380000, 0x0000000100000000)
  eden space 22528K, 0% used [0x00000000eab00000,0x00000000eab00000,0x00000000ec100000)
  from space 5632K, 99% used [0x00000000ec900000,0x00000000ece7d3f0,0x00000000ece80000)
  to   space 8192K, 0% used [0x00000000ec100000,0x00000000ec100000,0x00000000ec900000)
 ParOldGen       total 68608K, used 10141K [0x00000000c0000000, 0x00000000c4300000, 0x00000000eab00000)
  object space 68608K, 14% used [0x00000000c0000000,0x00000000c09e7718,0x00000000c4300000)
 Metaspace       used 33567K, capacity 35233K, committed 35328K, reserved 1081344K
  class space    used 3414K, capacity 4035K, committed 4096K, reserved 1048576K
}
Event: 3.067 GC heap before
{Heap before GC invocations=8 (full 2):
 PSYoungGen      total 28160K, used 5620K [0x00000000eab00000, 0x00000000ed380000, 0x0000000100000000)
  eden space 22528K, 0% used [0x00000000eab00000,0x00000000eab00000,0x00000000ec100000)
  from space 5632K, 99% used [0x00000000ec900000,0x00000000ece7d3f0,0x00000000ece80000)
  to   space 8192K, 0% used [0x00000000ec100000,0x00000000ec100000,0x00000000ec900000)
 ParOldGen       total 68608K, used 10141K [0x00000000c0000000, 0x00000000c4300000, 0x00000000eab00000)
  object space 68608K, 14% used [0x00000000c0000000,0x00000000c09e7718,0x00000000c4300000)
 Metaspace       used 33567K, capacity 35233K, committed 35328K, reserved 1081344K
  class space    used 3414K, capacity 4035K, committed 4096K, reserved 1048576K
}
Event: 3.124 GC heap after
{Heap after GC invocations=8 (full 2):
 PSYoungGen      total 28160K, used 0K [0x00000000eab00000, 0x00000000ed380000, 0x0000000100000000)
  eden space 22528K, 0% used [0x00000000eab00000,0x00000000eab00000,0x00000000ec100000)
  from space 5632K, 0% used [0x00000000ec900000,0x00000000ec900000,0x00000000ece80000)
  to   space 8192K, 0% used [0x00000000ec100000,0x00000000ec100000,0x00000000ec900000)
 ParOldGen       total 68608K, used 15237K [0x00000000c0000000, 0x00000000c4300000, 0x00000000eab00000)
  object space 68608K, 22% used [0x00000000c0000000,0x00000000c0ee16e0,0x00000000c4300000)
 Metaspace       used 33567K, capacity 35233K, committed 35328K, reserved 1081344K
  class space    used 3414K, capacity 4035K, committed 4096K, reserved 1048576K
}
Event: 3.773 GC heap before
{Heap before GC invocations=9 (full 2):
 PSYoungGen      total 28160K, used 22528K [0x00000000eab00000, 0x00000000ed380000, 0x0000000100000000)
  eden space 22528K, 100% used [0x00000000eab00000,0x00000000ec100000,0x00000000ec100000)
  from space 5632K, 0% used [0x00000000ec900000,0x00000000ec900000,0x00000000ece80000)
  to   space 8192K, 0% used [0x00000000ec100000,0x00000000ec100000,0x00000000ec900000)
 ParOldGen       total 68608K, used 15237K [0x00000000c0000000, 0x00000000c4300000, 0x00000000eab00000)
  object space 68608K, 22% used [0x00000000c0000000,0x00000000c0ee16e0,0x00000000c4300000)
 Metaspace       used 39026K, capacity 41183K, committed 41472K, reserved 1085440K
  class space    used 4015K, capacity 4772K, committed 4864K, reserved 1048576K
}
Event: 3.792 GC heap after
{Heap after GC invocations=9 (full 2):
 PSYoungGen      total 24576K, used 2558K [0x00000000eab00000, 0x00000000ec980000, 0x0000000100000000)
  eden space 22016K, 0% used [0x00000000eab00000,0x00000000eab00000,0x00000000ec080000)
  from space 2560K, 99% used [0x00000000ec100000,0x00000000ec37fa08,0x00000000ec380000)
  to   space 4608K, 0% used [0x00000000ec500000,0x00000000ec500000,0x00000000ec980000)
 ParOldGen       total 68608K, used 15245K [0x00000000c0000000, 0x00000000c4300000, 0x00000000eab00000)
  object space 68608K, 22% used [0x00000000c0000000,0x00000000c0ee36e0,0x00000000c4300000)
 Metaspace       used 39026K, capacity 41183K, committed 41472K, reserved 1085440K
  class space    used 4015K, capacity 4772K, committed 4864K, reserved 1048576K
}
Event: 3.957 GC heap before
{Heap before GC invocations=10 (full 2):
 PSYoungGen      total 24576K, used 24574K [0x00000000eab00000, 0x00000000ec980000, 0x0000000100000000)
  eden space 22016K, 100% used [0x00000000eab00000,0x00000000ec080000,0x00000000ec080000)
  from space 2560K, 99% used [0x00000000ec100000,0x00000000ec37fa08,0x00000000ec380000)
  to   space 4608K, 0% used [0x00000000ec500000,0x00000000ec500000,0x00000000ec980000)
 ParOldGen       total 68608K, used 15245K [0x00000000c0000000, 0x00000000c4300000, 0x00000000eab00000)
  object space 68608K, 22% used [0x00000000c0000000,0x00000000c0ee36e0,0x00000000c4300000)
 Metaspace       used 40109K, capacity 42245K, committed 42368K, reserved 1087488K
  class space    used 4124K, capacity 4911K, committed 4992K, reserved 1048576K
}
Event: 3.963 GC heap after
{Heap after GC invocations=10 (full 2):
 PSYoungGen      total 26112K, used 4585K [0x00000000eab00000, 0x00000000eca80000, 0x0000000100000000)
  eden space 21504K, 0% used [0x00000000eab00000,0x00000000eab00000,0x00000000ec000000)
  from space 4608K, 99% used [0x00000000ec500000,0x00000000ec97a648,0x00000000ec980000)
  to   space 5120K, 0% used [0x00000000ec000000,0x00000000ec000000,0x00000000ec500000)
 ParOldGen       total 68608K, used 15253K [0x00000000c0000000, 0x00000000c4300000, 0x00000000eab00000)
  object space 68608K, 22% used [0x00000000c0000000,0x00000000c0ee56e0,0x00000000c4300000)
 Metaspace       used 40109K, capacity 42245K, committed 42368K, reserved 1087488K
  class space    used 4124K, capacity 4911K, committed 4992K, reserved 1048576K
}
Event: 4.005 GC heap before
{Heap before GC invocations=11 (full 2):
 PSYoungGen      total 26112K, used 26089K [0x00000000eab00000, 0x00000000eca80000, 0x0000000100000000)
  eden space 21504K, 100% used [0x00000000eab00000,0x00000000ec000000,0x00000000ec000000)
  from space 4608K, 99% used [0x00000000ec500000,0x00000000ec97a648,0x00000000ec980000)
  to   space 5120K, 0% used [0x00000000ec000000,0x00000000ec000000,0x00000000ec500000)
 ParOldGen       total 68608K, used 15253K [0x00000000c0000000, 0x00000000c4300000, 0x00000000eab00000)
  object space 68608K, 22% used [0x00000000c0000000,0x00000000c0ee56e0,0x00000000c4300000)
 Metaspace       used 40159K, capacity 42309K, committed 42624K, reserved 1087488K
  class space    used 4127K, capacity 4911K, committed 4992K, reserved 1048576K
}
Event: 4.010 GC heap after
{Heap after GC invocations=11 (full 2):
 PSYoungGen      total 26624K, used 5097K [0x00000000eab00000, 0x00000000ece00000, 0x0000000100000000)
  eden space 21504K, 0% used [0x00000000eab00000,0x00000000eab00000,0x00000000ec000000)
  from space 5120K, 99% used [0x00000000ec000000,0x00000000ec4fa648,0x00000000ec500000)
  to   space 7168K, 0% used [0x00000000ec700000,0x00000000ec700000,0x00000000ece00000)
 ParOldGen       total 68608K, used 16549K [0x00000000c0000000, 0x00000000c4300000, 0x00000000eab00000)
  object space 68608K, 24% used [0x00000000c0000000,0x00000000c10296e0,0x00000000c4300000)
 Metaspace       used 40159K, capacity 42309K, committed 42624K, reserved 1087488K
  class space    used 4127K, capacity 4911K, committed 4992K, reserved 1048576K
}
Event: 4.045 GC heap before
{Heap before GC invocations=12 (full 2):
 PSYoungGen      total 26624K, used 26601K [0x00000000eab00000, 0x00000000ece00000, 0x0000000100000000)
  eden space 21504K, 100% used [0x00000000eab00000,0x00000000ec000000,0x00000000ec000000)
  from space 5120K, 99% used [0x00000000ec000000,0x00000000ec4fa648,0x00000000ec500000)
  to   space 7168K, 0% used [0x00000000ec700000,0x00000000ec700000,0x00000000ece00000)
 ParOldGen       total 68608K, used 16549K [0x00000000c0000000, 0x00000000c4300000, 0x00000000eab00000)
  object space 68608K, 24% used [0x00000000c0000000,0x00000000c10296e0,0x00000000c4300000)
 Metaspace       used 40256K, capacity 42437K, committed 42624K, reserved 1087488K
  class space    used 4131K, capacity 4911K, committed 4992K, reserved 1048576K
}
Event: 4.051 GC heap after
{Heap after GC invocations=12 (full 2):
 PSYoungGen      total 25600K, used 3680K [0x00000000eab00000, 0x00000000ecb00000, 0x0000000100000000)
  eden space 21504K, 0% used [0x00000000eab00000,0x00000000eab00000,0x00000000ec000000)
  from space 4096K, 89% used [0x00000000ec700000,0x00000000eca98010,0x00000000ecb00000)
  to   space 5120K, 0% used [0x00000000ec100000,0x00000000ec100000,0x00000000ec600000)
 ParOldGen       total 68608K, used 20113K [0x00000000c0000000, 0x00000000c4300000, 0x00000000eab00000)
  object space 68608K, 29% used [0x00000000c0000000,0x00000000c13a4660,0x00000000c4300000)
 Metaspace       used 40256K, capacity 42437K, committed 42624K, reserved 1087488K
  class space    used 4131K, capacity 4911K, committed 4992K, reserved 1048576K
}
Event: 4.083 GC heap before
{Heap before GC invocations=13 (full 2):
 PSYoungGen      total 25600K, used 25184K [0x00000000eab00000, 0x00000000ecb00000, 0x0000000100000000)
  eden space 21504K, 100% used [0x00000000eab00000,0x00000000ec000000,0x00000000ec000000)
  from space 4096K, 89% used [0x00000000ec700000,0x00000000eca98010,0x00000000ecb00000)
  to   space 5120K, 0% used [0x00000000ec100000,0x00000000ec100000,0x00000000ec600000)
 ParOldGen       total 68608K, used 20113K [0x00000000c0000000, 0x00000000c4300000, 0x00000000eab00000)
  object space 68608K, 29% used [0x00000000c0000000,0x00000000c13a4660,0x00000000c4300000)
 Metaspace       used 40323K, capacity 42501K, committed 42624K, reserved 1087488K
  class space    used 4137K, capacity 4911K, committed 4992K, reserved 1048576K
}
Event: 4.087 GC heap after
{Heap after GC invocations=13 (full 2):
 PSYoungGen      total 24576K, used 2560K [0x00000000eab00000, 0x00000000ec780000, 0x0000000100000000)
  eden space 21504K, 0% used [0x00000000eab00000,0x00000000eab00000,0x00000000ec000000)
  from space 3072K, 83% used [0x00000000ec100000,0x00000000ec380010,0x00000000ec400000)
  to   space 3584K, 0% used [0x00000000ec400000,0x00000000ec400000,0x00000000ec780000)
 ParOldGen       total 68608K, used 23692K [0x00000000c0000000, 0x00000000c4300000, 0x00000000eab00000)
  object space 68608K, 34% used [0x00000000c0000000,0x00000000c1723188,0x00000000c4300000)
 Metaspace       used 40323K, capacity 42501K, committed 42624K, reserved 1087488K
  class space    used 4137K, capacity 4911K, committed 4992K, reserved 1048576K
}
Event: 4.108 GC heap before
{Heap before GC invocations=14 (full 2):
 PSYoungGen      total 24576K, used 24064K [0x00000000eab00000, 0x00000000ec780000, 0x0000000100000000)
  eden space 21504K, 100% used [0x00000000eab00000,0x00000000ec000000,0x00000000ec000000)
  from space 3072K, 83% used [0x00000000ec100000,0x00000000ec380010,0x00000000ec400000)
  to   space 3584K, 0% used [0x00000000ec400000,0x00000000ec400000,0x00000000ec780000)
 ParOldGen       total 68608K, used 23692K [0x00000000c0000000, 0x00000000c4300000, 0x00000000eab00000)
  object space 68608K, 34% used [0x00000000c0000000,0x00000000c1723188,0x00000000c4300000)
 Metaspace       used 40323K, capacity 42501K, committed 42624K, reserved 1087488K
  class space    used 4137K, capacity 4911K, committed 4992K, reserved 1048576K
}
Event: 4.111 GC heap after
{Heap after GC invocations=14 (full 2):
 PSYoungGen      total 24064K, used 2496K [0x00000000eab00000, 0x00000000ec680000, 0x0000000100000000)
  eden space 21504K, 0% used [0x00000000eab00000,0x00000000eab00000,0x00000000ec000000)
  from space 2560K, 97% used [0x00000000ec400000,0x00000000ec670010,0x00000000ec680000)
  to   space 3072K, 0% used [0x00000000ec080000,0x00000000ec080000,0x00000000ec380000)
 ParOldGen       total 68608K, used 26200K [0x00000000c0000000, 0x00000000c4300000, 0x00000000eab00000)
  object space 68608K, 38% used [0x00000000c0000000,0x00000000c1996340,0x00000000c4300000)
 Metaspace       used 40323K, capacity 42501K, committed 42624K, reserved 1087488K
  class space    used 4137K, capacity 4911K, committed 4992K, reserved 1048576K
}
Event: 4.137 GC heap before
{Heap before GC invocations=15 (full 2):
 PSYoungGen      total 24064K, used 24000K [0x00000000eab00000, 0x00000000ec680000, 0x0000000100000000)
  eden space 21504K, 100% used [0x00000000eab00000,0x00000000ec000000,0x00000000ec000000)
  from space 2560K, 97% used [0x00000000ec400000,0x00000000ec670010,0x00000000ec680000)
  to   space 3072K, 0% used [0x00000000ec080000,0x00000000ec080000,0x00000000ec380000)
 ParOldGen       total 68608K, used 26200K [0x00000000c0000000, 0x00000000c4300000, 0x00000000eab00000)
  object space 68608K, 38% used [0x00000000c0000000,0x00000000c1996340,0x00000000c4300000)
 Metaspace       used 40490K, capacity 42632K, committed 42880K, reserved 1087488K
  class space    used 4157K, capacity 4912K, committed 4992K, reserved 1048576K
}
Event: 4.140 GC heap after
{Heap after GC invocations=15 (full 2):
 PSYoungGen      total 24064K, used 2096K [0x00000000eab00000, 0x00000000ec500000, 0x0000000100000000)
  eden space 21504K, 0% used [0x00000000eab00000,0x00000000eab00000,0x00000000ec000000)
  from space 2560K, 81% used [0x00000000ec080000,0x00000000ec28c258,0x00000000ec300000)
  to   space 2048K, 0% used [0x00000000ec300000,0x00000000ec300000,0x00000000ec500000)
 ParOldGen       total 68608K, used 28656K [0x00000000c0000000, 0x00000000c4300000, 0x00000000eab00000)
  object space 68608K, 41% used [0x00000000c0000000,0x00000000c1bfc350,0x00000000c4300000)
 Metaspace       used 40490K, capacity 42632K, committed 42880K, reserved 1087488K
  class space    used 4157K, capacity 4912K, committed 4992K, reserved 1048576K
}
Event: 4.212 GC heap before
{Heap before GC invocations=16 (full 2):
 PSYoungGen      total 24064K, used 23600K [0x00000000eab00000, 0x00000000ec500000, 0x0000000100000000)
  eden space 21504K, 100% used [0x00000000eab00000,0x00000000ec000000,0x00000000ec000000)
  from space 2560K, 81% used [0x00000000ec080000,0x00000000ec28c258,0x00000000ec300000)
  to   space 2048K, 0% used [0x00000000ec300000,0x00000000ec300000,0x00000000ec500000)
 ParOldGen       total 68608K, used 28656K [0x00000000c0000000, 0x00000000c4300000, 0x00000000eab00000)
  object space 68608K, 41% used [0x00000000c0000000,0x00000000c1bfc350,0x00000000c4300000)
 Metaspace       used 41174K, capacity 43337K, committed 43520K, reserved 1087488K
  class space    used 4225K, capacity 5020K, committed 5120K, reserved 1048576K
}
Event: 4.214 GC heap after
{Heap after GC invocations=16 (full 2):
 PSYoungGen      total 22016K, used 2048K [0x00000000eab00000, 0x00000000ec900000, 0x0000000100000000)
  eden space 19968K, 0% used [0x00000000eab00000,0x00000000eab00000,0x00000000ebe80000)
  from space 2048K, 100% used [0x00000000ec300000,0x00000000ec500000,0x00000000ec500000)
  to   space 4608K, 0% used [0x00000000ebe80000,0x00000000ebe80000,0x00000000ec300000)
 ParOldGen       total 68608K, used 30692K [0x00000000c0000000, 0x00000000c4300000, 0x00000000eab00000)
  object space 68608K, 44% used [0x00000000c0000000,0x00000000c1df9360,0x00000000c4300000)
 Metaspace       used 41174K, capacity 43337K, committed 43520K, reserved 1087488K
  class space    used 4225K, capacity 5020K, committed 5120K, reserved 1048576K
}

